{
  "0 debug pnpm:scope": {
    "selected": 1
  },
  "1 error pnpm": {
    "code": "ELIFECYCLE",
    "errno": "ENOENT",
    "syscall": "spawn",
    "file": "sh",
    "pkgid": "smleaks@4.0.0",
    "stage": "dev",
    "script": "next dev",
    "pkgname": "smleaks",
    "err": {
      "name": "Error",
      "message": "smleaks@4.0.0 dev: `next dev`\nspawn ENOENT",
      "code": "ELIFECYCLE",
      "stack": "Error: smleaks@4.0.0 dev: `next dev`\nspawn ENOENT\n    at ChildProcess.<anonymous> (/usr/pnpm-global/4/node_modules/.pnpm/pnpm@6.0.2/node_modules/pnpm/dist/pnpm.cjs:88853:20)\n    at ChildProcess.emit (events.js:376:20)\n    at maybeClose (internal/child_process.js:1055:16)\n    at Process.ChildProcess._handle.onexit (internal/child_process.js:288:5)"
    }
  }
}